<?xml version="1.0" encoding="UTF-8"?>
<!-- Generated by org.testng.reporters.JUnitXMLReporter -->
<testsuite ignored="4" hostname="LTIN198470" failures="1" tests="15" name="Test" time="150.437" errors="0" timestamp="2024-02-29T11:11:02 IST">
  <testcase classname="testCases.TC_001_SearchBookshelves" name="search" time="45.03"/>
  <testcase classname="testCases.TC_001_SearchBookshelves" name="titleValidation" time="15.24"/>
  <testcase classname="testCases.TC_002_SelectItems" name="selectCategory" time="0.97"/>
  <testcase classname="testCases.TC_002_SelectItems" name="select_price" time="1.398">
    <failure type="java.lang.AssertionError" message="null">
      <![CDATA[java.lang.AssertionError: null
at testCases.TC_002_SelectItems.select_price(TC_002_SelectItems.java:44)
at java.base/java.util.ArrayList.forEach(ArrayList.java:1511)
... Removed 29 stack frames]]>
    </failure>
  </testcase> <!-- select_price -->
  <testcase classname="testCases.TC_002_SelectItems" name="clickStorageButton" time="2.322"/>
  <testcase classname="testCases.TC_002_SelectItems" name="select_filter" time="0.475"/>
  <testcase classname="testCases.TC_002_SelectItems" name="print_data" time="4.966"/>
  <testcase classname="testCases.TC_002_SelectItems" name="displayNavBar_items" time="0.161"/>
  <testcase classname="testCases.TC_002_SelectItems" name="printNavBar_items" time="4.293"/>
  <testcase classname="testCases.TC_003_GiftCard" name="displayGiftPage" time="34.381"/>
  <testcase classname="testCases.TC_003_GiftCard" name="clickBirthday" time="0.118"/>
  <testcase classname="testCases.TC_003_GiftCard" name="enterAmount_Date" time="0.904"/>
  <testcase classname="testCases.TC_003_GiftCard" name="enterDetails" time="2.0"/>
  <testcase classname="testCases.TC_003_GiftCard" name="mailValidation" time="0.798"/>
  <testcase classname="testCases.TC_003_GiftCard" name="verifyValidEmail" time="1.01"/>
  <testcase classname="testBase.BaseClass" name="@AfterTest teardown" time="0.0">
    <ignored/>
  </testcase> <!-- @AfterTest teardown -->
  <testcase classname="testBase.BaseClass" name="@AfterTest teardown" time="0.0">
    <ignored/>
  </testcase> <!-- @AfterTest teardown -->
  <testcase classname="testBase.BaseClass" name="@BeforeTest setup" time="0.0">
    <ignored/>
  </testcase> <!-- @BeforeTest setup -->
  <testcase classname="testBase.BaseClass" name="@BeforeTest setup" time="0.0">
    <ignored/>
  </testcase> <!-- @BeforeTest setup -->
</testsuite> <!-- Test -->
